已获取祖分类数据,一共有8个祖分类 2018-05-07 18:08:38
已获取祖分类数据,一共有8个祖分类 2018-05-07 18:13:26
已获取祖分类数据,一共有8个祖分类 2018-05-07 18:16:52
已获取祖分类数据,一共有8个祖分类 2018-05-07 18:19:22
已获取祖分类数据,一共有8个祖分类 2018-05-07 18:19:42
已获取祖分类数据,一共有8个祖分类 2018-05-07 18:20:47
已获取祖分类数据,一共有8个祖分类 2018-05-07 18:27:03
已获取祖分类数据,一共有8个祖分类 2018-05-07 18:27:14
已获取祖分类数据,一共有8个祖分类 2018-05-07 18:28:05
已获取祖分类数据,一共有8个祖分类 2018-05-07 18:39:03
已获取祖分类数据,一共有8个祖分类 2018-05-07 18:43:05
已获取祖分类数据,一共有8个祖分类 2018-05-07 18:43:16
已获取祖分类数据,一共有8个祖分类 2018-05-07 18:45:52
已获取祖分类数据,一共有8个祖分类 2018-05-07 18:48:14
已获取祖分类数据,一共有8个祖分类 2018-05-07 18:50:59
已获取祖分类数据,一共有8个祖分类 2018-05-07 18:56:41
无法写入数据,错误:Cannot convert ['妹纸主播', '荣耀上单', '野区霸主', '中路杀神', '最强AD', '神级辅助', '赛事直播'] to Excel  2018-05-07 18:57:43
无法写入数据,错误:Cannot convert ['无子分类'] to Excel  2018-05-07 18:57:43
无法写入数据,错误:Cannot convert ['DOTA2星计划', '妹纸主播', '中单solo', 'RPG', '后期carry', '游走gank', '辅助酱油'] to Excel  2018-05-07 18:57:43
无法写入数据,错误:Cannot convert ['竞技场', '天梯', '妹纸主播', '国服登顶'] to Excel  2018-05-07 18:57:43
无法写入数据,错误:Cannot convert ['全能女神', '神秘商人', '史诗达人', '增幅天空', '格斗天王'] to Excel  2018-05-07 18:57:43
无法写入数据,错误:Cannot convert ['生存竞技', '美女主播', '枪王排位', '民间大神', '生化狂魔', '赛事直播'] to Excel  2018-05-07 18:57:43
无法写入数据,错误:Cannot convert ['公会开荒', '大秘境', '铁血战场', '五星战神', '魔兽之声'] to Excel  2018-05-07 18:57:43
无法写入数据,错误:Cannot convert ['黑色沙漠', '自由篮球', '梦三国', '天堂', '御龙在天', '冒险岛1', '天谕', '天下3', '魔域', '九阴真经', '网游前瞻', '灵山奇缘', '其他', 'NBA2K18', 'NBA2KOL'] to Excel  2018-05-07 18:57:43
无法写入数据,错误:Cannot convert ['天梯排位', '美女主播', '教学导师', '娱乐天秀', '赛事直播'] to Excel  2018-05-07 18:57:43
无法写入数据,错误:Cannot convert ['天梯500强', '萌妹先锋', '精准输出', '重装坦克', '稳定辅助', '天梯竞技'] to Excel  2018-05-07 18:57:43
无法写入数据,错误:Cannot convert ['论剑求败', '话本高手', '茶水客栈', '国风音绕'] to Excel  2018-05-07 18:57:43
无法写入数据,错误:Cannot convert ['无子分类'] to Excel  2018-05-07 18:57:43
无法写入数据,错误:Cannot convert ['RTS', 'RPG', 'DOTA1', '澄海3C', 'IMBA'] to Excel  2018-05-07 18:57:43
无法写入数据,错误:Cannot convert ['跑跑卡丁车', 'QQ飞车', '模拟驾驶', '极品飞车OL'] to Excel  2018-05-07 18:57:43
无法写入数据,错误:Cannot convert ['FIFA OL4', 'FIFAOL3', 'FIFA 18', '实况足球'] to Excel  2018-05-07 18:57:43
无法写入数据,错误:Cannot convert ['无子分类'] to Excel  2018-05-07 18:57:43
无法写入数据,错误:Cannot convert ['无子分类'] to Excel  2018-05-07 18:57:43
无法写入数据,错误:Cannot convert ['RPG', '人族', '神族', '虫族'] to Excel  2018-05-07 18:57:43
无法写入数据,错误:Cannot convert ['无子分类'] to Excel  2018-05-07 18:57:43
无法写入数据,错误:Cannot convert ['无子分类'] to Excel  2018-05-07 18:57:43
无法写入数据,错误:Cannot convert ['无子分类'] to Excel  2018-05-07 18:57:43
无法写入数据,错误:Cannot convert ['斗地主', '麻将', '象棋', '四国军棋', '英雄杀', '围棋', '桌游其他'] to Excel  2018-05-07 18:57:43
无法写入数据,错误:Cannot convert ['坦克世界', '战舰世界', '战争雷霆', '其他'] to Excel  2018-05-07 18:57:43
无法写入数据,错误:Cannot convert ['僵尸大战', '爆破专家'] to Excel  2018-05-07 18:57:43
无法写入数据,错误:Cannot convert ['无子分类'] to Excel  2018-05-07 18:57:43
无法写入数据,错误:Cannot convert ['官方主播', '最强战士', '最强法师', 'PK王者', '指挥官'] to Excel  2018-05-07 18:57:43
无法写入数据,错误:Cannot convert ['意识流', '技术流', '爆破专家', '赛事直播'] to Excel  2018-05-07 18:57:43
无法写入数据,错误:Cannot convert ['无子分类'] to Excel  2018-05-07 18:57:43
无法写入数据,错误:Cannot convert ['无子分类'] to Excel  2018-05-07 18:57:43
无法写入数据,错误:Cannot convert ['无子分类'] to Excel  2018-05-07 18:57:43
无法写入数据,错误:Cannot convert ['无子分类'] to Excel  2018-05-07 18:57:43
无法写入数据,错误:Cannot convert ['无子分类'] to Excel  2018-05-07 18:57:43
无法写入数据,错误:Cannot convert ['斗鱼达人', '美女主播', '游戏高手'] to Excel  2018-05-07 18:57:43
无法写入数据,错误:Cannot convert ['无子分类'] to Excel  2018-05-07 18:57:43
无法写入数据,错误:Cannot convert ['无子分类'] to Excel  2018-05-07 18:57:43
无法写入数据,错误:Cannot convert ['无子分类'] to Excel  2018-05-07 18:57:43
无法写入数据,错误:Cannot convert ['无子分类'] to Excel  2018-05-07 18:57:43
无法写入数据,错误:Cannot convert ['无子分类'] to Excel  2018-05-07 18:57:43
无法写入数据,错误:Cannot convert ['无子分类'] to Excel  2018-05-07 18:57:43
无法写入数据,错误:Cannot convert ['无子分类'] to Excel  2018-05-07 18:57:43
无法写入数据,错误:Cannot convert ['萌妹游侠', '职业战队', '解说专家'] to Excel  2018-05-07 18:57:43
无法写入数据,错误:Cannot convert ['无子分类'] to Excel  2018-05-07 18:57:43
无法写入数据,错误:Cannot convert ['无子分类'] to Excel  2018-05-07 18:57:43
无法写入数据,错误:Cannot convert ['无子分类'] to Excel  2018-05-07 18:57:43
无法写入数据,错误:Cannot convert ['无子分类'] to Excel  2018-05-07 18:57:43
无法写入数据,错误:Cannot convert ['无子分类'] to Excel  2018-05-07 18:57:43
无法写入数据,错误:Cannot convert ['无子分类'] to Excel  2018-05-07 18:57:43
无法写入数据,错误:Cannot convert ['圣教军', '巫医', '武僧', '法师', '猎魔人', '野蛮人'] to Excel  2018-05-07 18:57:43
无法写入数据,错误:Cannot convert ['无子分类'] to Excel  2018-05-07 18:57:43
无法写入数据,错误:Cannot convert ['无子分类'] to Excel  2018-05-07 18:57:43
无法写入数据,错误:Cannot convert ['无子分类'] to Excel  2018-05-07 18:57:43
无法写入数据,错误:Cannot convert ['无子分类'] to Excel  2018-05-07 18:57:43
无法写入数据,错误:Cannot convert ['无子分类'] to Excel  2018-05-07 18:57:43
无法写入数据,错误:Cannot convert ['无子分类'] to Excel  2018-05-07 18:57:43
无法写入数据,错误:Cannot convert ['无子分类'] to Excel  2018-05-07 18:57:43
无法写入数据,错误:Cannot convert ['大型PVP', '游戏竞技'] to Excel  2018-05-07 18:57:43
无法写入数据,错误:Cannot convert ['无子分类'] to Excel  2018-05-07 18:57:43
无法写入数据,错误:Cannot convert ['无子分类'] to Excel  2018-05-07 18:57:43
无法写入数据,错误:Cannot convert ['无子分类'] to Excel  2018-05-07 18:57:43
无法写入数据,错误:Cannot convert ['无子分类'] to Excel  2018-05-07 18:57:43
无法写入数据,错误:Cannot convert ['无子分类'] to Excel  2018-05-07 18:57:43
无法写入数据,错误:Cannot convert ['无子分类'] to Excel  2018-05-07 18:57:43
无法写入数据,错误:Cannot convert ['无子分类'] to Excel  2018-05-07 18:57:43
无法写入数据,错误:Cannot convert ['无子分类'] to Excel  2018-05-07 18:57:43
无法写入数据,错误:Cannot convert ['团队达人', '巨兽塔防', '爆破专家'] to Excel  2018-05-07 18:57:43
无法写入数据,错误:Cannot convert ['无子分类'] to Excel  2018-05-07 18:57:43
无法写入数据,错误:Cannot convert ['劣单霸主', '大神辅助', '王者AD'] to Excel  2018-05-07 18:57:43
无法写入数据,错误:Cannot convert ['无子分类'] to Excel  2018-05-07 18:57:43
无法写入数据,错误:Cannot convert ['无子分类'] to Excel  2018-05-07 18:57:43
无法写入数据,错误:Cannot convert ['War Mode', '4*4新地图', '妹纸主播', '吃鸡阳光服', '单排上分', '战术小队'] to Excel  2018-05-07 18:57:43
无法写入数据,错误:Cannot convert ['新游测评', '主机单机', '独立indie', '恐怖解谜', '模拟经营', 'wegame', '怀旧游戏', '格斗游戏'] to Excel  2018-05-07 18:57:43
无法写入数据,错误:Cannot convert ['FC童年', '经典单机', '街机制霸', '红色警戒', '帝国时代', '掌机游戏'] to Excel  2018-05-07 18:57:43
无法写入数据,错误:Cannot convert ['妹纸主播', '技术流', '组队开黑', '声优主播', '娱乐主播'] to Excel  2018-05-07 18:57:43
无法写入数据,错误:Cannot convert ['妹纸主播', '十年老猎人', '萌新导师', '声控福利', '带队上车'] to Excel  2018-05-07 18:57:43
无法写入数据,错误:Cannot convert ['拳皇系列', '街霸系列', '铁拳', '龙珠斗士', '街机竞技', 'MUGEN', '次元格斗'] to Excel  2018-05-07 18:57:43
无法写入数据,错误:Cannot convert ['战神', '大漩涡', '魂系列', '冰汽时代', '其他新游'] to Excel  2018-05-07 18:57:43
无法写入数据,错误:Cannot convert ['独眼船长', '萌新导师'] to Excel  2018-05-07 18:57:43
无法写入数据,错误:Cannot convert ['技术流', '萌新导师', '骚操作'] to Excel  2018-05-07 18:57:43
无法写入数据,错误:Cannot convert ['无子分类'] to Excel  2018-05-07 18:57:43
无法写入数据,错误:Cannot convert ['纯净生存', 'RPG冒险', 'PVP', '工业'] to Excel  2018-05-07 18:57:43
无法写入数据,错误:Cannot convert ['单机生存', '建造者', '猎杀者', '联机生存'] to Excel  2018-05-07 18:57:43
无法写入数据,错误:Cannot convert ['金牌陪玩', '金牌讲师', '刺激枪神', '萌妹主播', '娱乐吃鸡', '才艺主播', '排行榜冲分'] to Excel  2018-05-07 18:57:43
无法写入数据,错误:Cannot convert ['巅峰赛', '上分陪玩', '国服', '美女', '带粉狂魔', '本周新秀', '最强刺客', '无情射手', '风骚法师', '凶悍坦克', '英雄教学', '视频节目'] to Excel  2018-05-07 18:57:43
无法写入数据,错误:Cannot convert ['刚枪大神', '鱼塘霸主', '蛇皮操作', '金牌教练', '萌妹主播'] to Excel  2018-05-07 18:57:43
无法写入数据,错误:Cannot convert ['影之诗【5/4公测】', '剑网3【5/4内测】', '搏基俱乐部【5/2内测】', '梦幻模拟战【4/26内测】', '队长小翼【4/23内测】', '本周新游', '上周新游', '日常手游'] to Excel  2018-05-07 18:57:43
无法写入数据,错误:Cannot convert ['车技大神', '迷妹声优', '氪金窍门', '车队竞技', '崛起新秀', '休闲电台'] to Excel  2018-05-07 18:57:43
无法写入数据,错误:Cannot convert ['无子分类'] to Excel  2018-05-07 18:57:43
无法写入数据,错误:Cannot convert ['萌妹主播', '声控福利', '单排吃鸡', '四排带水友', '技术大佬', '骚话娱乐', '经典竞技'] to Excel  2018-05-07 18:57:43
无法写入数据,错误:Cannot convert ['全能超影', '刷图仙人', '萌妹忍者', '赛事'] to Excel  2018-05-07 18:57:43
无法写入数据,错误:Cannot convert ['剑会擂台', '合宠达人', '物价分析', '账号估价', '高分玩家', '精彩回放'] to Excel  2018-05-07 18:57:43
无法写入数据,错误:Cannot convert ['第5人格', '阿拉德之怒', '综合手游'] to Excel  2018-05-07 18:57:43
无法写入数据,错误:Cannot convert ['天天狼人杀', '饭局狼人杀', '狼人杀', '官方狼人杀'] to Excel  2018-05-07 18:57:43
无法写入数据,错误:Cannot convert ['斗鱼达人', '猎鱼达人', '其他捕鱼'] to Excel  2018-05-07 18:57:43
无法写入数据,错误:Cannot convert ['阴阳师', 'MOBA手游'] to Excel  2018-05-07 18:57:43
无法写入数据,错误:Cannot convert ['荒野乱斗', '皇室战争'] to Excel  2018-05-07 18:57:43
无法写入数据,错误:Cannot convert ['无子分类'] to Excel  2018-05-07 18:57:43
无法写入数据,错误:Cannot convert ['无子分类'] to Excel  2018-05-07 18:57:43
无法写入数据,错误:Cannot convert ['天梯', '竞技场', '妹纸主播', '国服登顶'] to Excel  2018-05-07 18:57:43
无法写入数据,错误:Cannot convert ['无子分类'] to Excel  2018-05-07 18:57:43
无法写入数据,错误:Cannot convert ['无子分类'] to Excel  2018-05-07 18:57:43
无法写入数据,错误:Cannot convert ['无子分类'] to Excel  2018-05-07 18:57:43
无法写入数据,错误:Cannot convert ['无子分类'] to Excel  2018-05-07 18:57:43
无法写入数据,错误:Cannot convert ['无子分类'] to Excel  2018-05-07 18:57:43
无法写入数据,错误:Cannot convert ['无子分类'] to Excel  2018-05-07 18:57:43
无法写入数据,错误:Cannot convert ['排行榜大神', '道王之路', '装备指南', '萌妹道友'] to Excel  2018-05-07 18:57:43
无法写入数据,错误:Cannot convert ['叛逆性百万亚瑟王', 'Fate/GO', '崩坏3', '舰娘系列', '其他二次元手游', 'MOBA手游'] to Excel  2018-05-07 18:57:43
无法写入数据,错误:Cannot convert ['无子分类'] to Excel  2018-05-07 18:57:43
无法写入数据,错误:Cannot convert ['无子分类'] to Excel  2018-05-07 18:57:43
无法写入数据,错误:Cannot convert ['无子分类'] to Excel  2018-05-07 18:57:43
无法写入数据,错误:Cannot convert ['无子分类'] to Excel  2018-05-07 18:57:43
无法写入数据,错误:Cannot convert ['无子分类'] to Excel  2018-05-07 18:57:43
无法写入数据,错误:Cannot convert ['无子分类'] to Excel  2018-05-07 18:57:43
无法写入数据,错误:Cannot convert ['无子分类'] to Excel  2018-05-07 18:57:43
无法写入数据,错误:Cannot convert ['单打大神', '精准三分', '球星教学'] to Excel  2018-05-07 18:57:43
无法写入数据,错误:Cannot convert ['竞技达人', '卡组大师', '崛起新秀'] to Excel  2018-05-07 18:57:43
无法写入数据,错误:Cannot convert ['无子分类'] to Excel  2018-05-07 18:57:43
无法写入数据,错误:Cannot convert ['无子分类'] to Excel  2018-05-07 18:57:43
无法写入数据,错误:Cannot convert ['大逃杀活动', '合作', '狙击', '浪单'] to Excel  2018-05-07 18:57:43
无法写入数据,错误:Cannot convert ['冒险生存', '联机开房', '脑洞建筑'] to Excel  2018-05-07 18:57:43
无法写入数据,错误:Cannot convert ['无子分类'] to Excel  2018-05-07 18:57:43
无法写入数据,错误:Cannot convert ['无子分类'] to Excel  2018-05-07 18:57:43
无法写入数据,错误:Cannot convert ['神族使者', '人族精英', '巅峰统帅'] to Excel  2018-05-07 18:57:43
无法写入数据,错误:Cannot convert ['无子分类'] to Excel  2018-05-07 18:57:43
无法写入数据,错误:Cannot convert ['无子分类'] to Excel  2018-05-07 18:57:43
无法写入数据,错误:Cannot convert ['无子分类'] to Excel  2018-05-07 18:57:43
无法写入数据,错误:Cannot convert ['无子分类'] to Excel  2018-05-07 18:57:43
无法写入数据,错误:Cannot convert ['无子分类'] to Excel  2018-05-07 18:57:43
无法写入数据,错误:Cannot convert ['无子分类'] to Excel  2018-05-07 18:57:43
无法写入数据,错误:Cannot convert ['屠龙英雄', '冒险家'] to Excel  2018-05-07 18:57:43
无法写入数据,错误:Cannot convert ['攻略大神', '萌妹声优', '冲级勇者'] to Excel  2018-05-07 18:57:43
无法写入数据,错误:Cannot convert ['无子分类'] to Excel  2018-05-07 18:57:43
无法写入数据,错误:Cannot convert ['无子分类'] to Excel  2018-05-07 18:57:43
无法写入数据,错误:Cannot convert ['无子分类'] to Excel  2018-05-07 18:57:43
无法写入数据,错误:Cannot convert ['无子分类'] to Excel  2018-05-07 18:57:43
无法写入数据,错误:Cannot convert ['无子分类'] to Excel  2018-05-07 18:57:43
无法写入数据,错误:Cannot convert ['无子分类'] to Excel  2018-05-07 18:57:43
无法写入数据,错误:Cannot convert ['无子分类'] to Excel  2018-05-07 18:57:43
无法写入数据,错误:Cannot convert ['无子分类'] to Excel  2018-05-07 18:57:43
无法写入数据,错误:Cannot convert ['无子分类'] to Excel  2018-05-07 18:57:43
无法写入数据,错误:Cannot convert ['无子分类'] to Excel  2018-05-07 18:57:43
无法写入数据,错误:Cannot convert ['无子分类'] to Excel  2018-05-07 18:57:43
无法写入数据,错误:Cannot convert ['技术大神', '风骚幽默'] to Excel  2018-05-07 18:57:43
无法写入数据,错误:Cannot convert ['无子分类'] to Excel  2018-05-07 18:57:43
无法写入数据,错误:Cannot convert ['无子分类'] to Excel  2018-05-07 18:57:43
无法写入数据,错误:Cannot convert ['无子分类'] to Excel  2018-05-07 18:57:43
无法写入数据,错误:Cannot convert ['无子分类'] to Excel  2018-05-07 18:57:43
无法写入数据,错误:Cannot convert ['无子分类'] to Excel  2018-05-07 18:57:43
无法写入数据,错误:Cannot convert ['无子分类'] to Excel  2018-05-07 18:57:43
无法写入数据,错误:Cannot convert ['无子分类'] to Excel  2018-05-07 18:57:43
无法写入数据,错误:Cannot convert ['建筑工程师', '生存达人', '联机老司机'] to Excel  2018-05-07 18:57:43
无法写入数据,错误:Cannot convert ['无子分类'] to Excel  2018-05-07 18:57:43
无法写入数据,错误:Cannot convert ['无子分类'] to Excel  2018-05-07 18:57:43
无法写入数据,错误:Cannot convert ['练级修仙', '物价分析'] to Excel  2018-05-07 18:57:43
无法写入数据,错误:Cannot convert ['无子分类'] to Excel  2018-05-07 18:57:43
无法写入数据,错误:Cannot convert ['无子分类'] to Excel  2018-05-07 18:57:43
无法写入数据,错误:Cannot convert ['无子分类'] to Excel  2018-05-07 18:57:43
无法写入数据,错误:Cannot convert ['无子分类'] to Excel  2018-05-07 18:57:43
无法写入数据,错误:Cannot convert ['无子分类'] to Excel  2018-05-07 18:57:43
无法写入数据,错误:Cannot convert ['无子分类'] to Excel  2018-05-07 18:57:43
无法写入数据,错误:Cannot convert ['无子分类'] to Excel  2018-05-07 18:57:43
无法写入数据,错误:Cannot convert ['无子分类'] to Excel  2018-05-07 18:57:43
无法写入数据,错误:Cannot convert ['无子分类'] to Excel  2018-05-07 18:57:43
无法写入数据,错误:Cannot convert ['无子分类'] to Excel  2018-05-07 18:57:43
无法写入数据,错误:Cannot convert ['无子分类'] to Excel  2018-05-07 18:57:43
无法写入数据,错误:Cannot convert ['无子分类'] to Excel  2018-05-07 18:57:43
无法写入数据,错误:Cannot convert ['无子分类'] to Excel  2018-05-07 18:57:43
无法写入数据,错误:Cannot convert ['无子分类'] to Excel  2018-05-07 18:57:43
无法写入数据,错误:Cannot convert ['无子分类'] to Excel  2018-05-07 18:57:43
无法写入数据,错误:Cannot convert ['无子分类'] to Excel  2018-05-07 18:57:43
无法写入数据,错误:Cannot convert ['无子分类'] to Excel  2018-05-07 18:57:43
无法写入数据,错误:Cannot convert ['无子分类'] to Excel  2018-05-07 18:57:43
无法写入数据,错误:Cannot convert ['无子分类'] to Excel  2018-05-07 18:57:43
无法写入数据,错误:Cannot convert ['无子分类'] to Excel  2018-05-07 18:57:43
无法写入数据,错误:Cannot convert ['无子分类'] to Excel  2018-05-07 18:57:43
无法写入数据,错误:Cannot convert ['无子分类'] to Excel  2018-05-07 18:57:43
无法写入数据,错误:Cannot convert ['无子分类'] to Excel  2018-05-07 18:57:43
无法写入数据,错误:Cannot convert ['无子分类'] to Excel  2018-05-07 18:57:43
无法写入数据,错误:Cannot convert ['无子分类'] to Excel  2018-05-07 18:57:43
无法写入数据,错误:Cannot convert ['无子分类'] to Excel  2018-05-07 18:57:43
无法写入数据,错误:Cannot convert ['无子分类'] to Excel  2018-05-07 18:57:43
无法写入数据,错误:Cannot convert ['无子分类'] to Excel  2018-05-07 18:57:43
无法写入数据,错误:Cannot convert ['无子分类'] to Excel  2018-05-07 18:57:43
无法写入数据,错误:Cannot convert ['萌新', '才艺', '畅聊'] to Excel  2018-05-07 18:57:43
无法写入数据,错误:Cannot convert ['萌妹coser', '声优唱见', '宅游', '小哥哥', '催眠电台', '模玩绘画', '动画', '放映厅'] to Excel  2018-05-07 18:57:43
无法写入数据,错误:Cannot convert ['斗鱼节现场', '趣玩天下', '田园风光', '转盘娱乐', '口嗨八卦', '运动健身', '萌宠乐园', '探索猎奇'] to Excel  2018-05-07 18:57:43
无法写入数据,错误:Cannot convert ['吃货大神', '口嗨之王', '农家野食', '美女甜心', '主播真会吃'] to Excel  2018-05-07 18:57:43
无法写入数据,错误:Cannot convert ['歌手', '音乐现场', '乐器演奏', '鱼乐之星', '音乐台'] to Excel  2018-05-07 18:57:43
无法写入数据,错误:Cannot convert ['无子分类'] to Excel  2018-05-07 18:57:43
无法写入数据,错误:Cannot convert ['主题点播影院', '懒人轮播影院', '妹纸陪看', '电视剧', '动漫', '自然科学记录', '美食记录', '小姐姐女团', '娱乐看点', '千奇百怪'] to Excel  2018-05-07 18:57:43
无法写入数据,错误:Cannot convert ['国漫', '自制剧', '影评', '搞笑', '情感'] to Excel  2018-05-07 18:57:43
无法写入数据,错误:Cannot convert ['热门', '推荐', '才艺', '新人', 'PK', '嗨聊'] to Excel  2018-05-07 18:57:43
无法写入数据,错误:Cannot convert ['才貌双全', '笔墨匠心', '语言留学', '人文历史', '心理情感', '百科全书'] to Excel  2018-05-07 18:57:43
无法写入数据,错误:Cannot convert ['无子分类'] to Excel  2018-05-07 18:57:43
无法写入数据,错误:Cannot convert ['无子分类'] to Excel  2018-05-07 18:57:43
无法写入数据,错误:Cannot convert ['数码', 'VR'] to Excel  2018-05-07 18:57:43
无法写入数据,错误:Cannot convert ['无子分类'] to Excel  2018-05-07 18:57:43
无法写入数据,错误:Cannot convert ['选车', '玩车', '女司机', '大咖视频'] to Excel  2018-05-07 18:57:43
无法写入数据,错误:Cannot convert ['财经讲堂', '创客', '虎投财经'] to Excel  2018-05-07 18:57:43
无法写入数据,错误:Cannot convert ['新知科普', '天文航天', '探索发现', '博物大观'] to Excel  2018-05-07 18:57:43
无法写入数据,错误:Cannot convert ['军武装备', '军事历史', '绝技达人', '军迷生活', '军情观察室', '功夫武术'] to Excel  2018-05-07 18:57:43
无法写入数据,错误:Cannot convert ['红色引擎', '政达光明', '鱼公益善', '文化传承', '星星之火', '新三农'] to Excel  2018-05-07 18:57:43
已获取祖分类数据,一共有8个祖分类 2018-05-07 19:08:26
已获取祖分类数据,一共有8个祖分类 2018-05-07 19:16:25
已获取祖分类数据,一共有8个祖分类 2018-05-07 19:18:54
